<?xml version="1.0" encoding="UTF-8"?>
<!-- Generated by org.testng.reporters.JUnitReportReporter -->
<testsuite hostname="SML-0687" name="testdemo.jenkinsdemo1" tests="1" failures="0" timestamp="16 Apr 2018 13:52:10 GMT" time="0.010" errors="0">
  <testcase name="test1" time="0.010" classname="testdemo.jenkinsdemo1"/>
</testsuite> <!-- testdemo.jenkinsdemo1 -->
