<?xml version="1.0" encoding="UTF-8"?>
<!-- Generated by org.testng.reporters.JUnitReportReporter -->
<testsuite hostname="SML-0687" name="SeleniumTest.Test1" tests="3" failures="0" timestamp="9 Jun 2017 12:23:53 GMT" time="0.010" errors="0">
  <testcase name="search" time="0.000" classname="SeleniumTest.Test1"/>
  <testcase name="Buyproducts" time="0.000" classname="SeleniumTest.Test1"/>
  <testcase name="AdvanceSearch" time="0.010" classname="SeleniumTest.Test1"/>
</testsuite> <!-- SeleniumTest.Test1 -->
