<?xml version="1.0" encoding="UTF-8"?>
<!-- Generated by org.testng.reporters.JUnitReportReporter -->
<testsuite hostname="SML-0687" name="dropdownDemo.DropDown" tests="1" failures="0" timestamp="10 Oct 2017 08:18:15 GMT" time="12.586" errors="0">
  <testcase name="selectDDvalues" time="12.586" classname="dropdownDemo.DropDown"/>
</testsuite> <!-- dropdownDemo.DropDown -->
