<?xml version="1.0" encoding="UTF-8"?>
<!-- Generated by org.testng.reporters.JUnitReportReporter -->
<testsuite hostname="SML-0687" name="dropdowndemo2.Dropdown2" tests="1" failures="0" timestamp="10 Oct 2017 08:20:03 GMT" time="15.987" errors="0">
  <testcase name="SelectDD" time="15.987" classname="dropdowndemo2.Dropdown2"/>
</testsuite> <!-- dropdowndemo2.Dropdown2 -->
