<?xml version="1.0" encoding="UTF-8"?>
<!-- Generated by org.testng.reporters.JUnitReportReporter -->
<testsuite hostname="SML-0687" name="Page_ModelF.Verify_Login" tests="1" failures="0" timestamp="23 Jun 2017 14:06:48 GMT" time="26.108" errors="0">
  <testcase name="Valid_login" time="26.108" classname="Page_ModelF.Verify_Login"/>
</testsuite> <!-- Page_ModelF.Verify_Login -->
