<?xml version="1.0" encoding="UTF-8"?>
<!-- Generated by org.testng.reporters.JUnitReportReporter -->
<testsuite hostname="SML-0687" name="com.jenkinsmaven.selenium.MavenTestDemo" tests="1" failures="0" timestamp="16 Apr 2018 12:01:37 GMT" time="0.030" errors="0">
  <testcase name="testdemo" time="0.030" classname="com.jenkinsmaven.selenium.MavenTestDemo"/>
</testsuite> <!-- com.jenkinsmaven.selenium.MavenTestDemo -->
