<?xml version="1.0" encoding="UTF-8"?>
<!-- Generated by org.testng.reporters.JUnitReportReporter -->
<testsuite hostname="SML-0687" name="iFrameDemo.FrameDemo" tests="1" failures="0" timestamp="8 Jul 2017 16:14:19 GMT" time="40.680" errors="0">
  <testcase name="TestFrame" time="40.680" classname="iFrameDemo.FrameDemo"/>
</testsuite> <!-- iFrameDemo.FrameDemo -->
