<?xml version="1.0" encoding="UTF-8"?>
<!-- Generated by org.testng.reporters.JUnitReportReporter -->
<testsuite hostname="SML-0687" name="com.WordPressTestCases.WordPressTestCases" tests="1" failures="0" timestamp="18 Jun 2017 08:56:56 GMT" time="25.147" errors="0">
  <testcase name="verifyValidLogin" time="25.147" classname="com.WordPressTestCases.WordPressTestCases"/>
</testsuite> <!-- com.WordPressTestCases.WordPressTestCases -->
