<?xml version="1.0" encoding="UTF-8"?>
<!-- Generated by org.testng.reporters.JUnitReportReporter -->
<testsuite hostname="SML-0687" name="ecom_ebay.Ebay_Test" tests="1" failures="0" timestamp="8 Jul 2017 13:58:08 GMT" time="41.686" errors="0">
  <testcase name="Ebay_LoginTest" time="41.686" classname="ecom_ebay.Ebay_Test"/>
</testsuite> <!-- ecom_ebay.Ebay_Test -->
