<?xml version="1.0" encoding="UTF-8"?>
<!-- Generated by org.testng.reporters.JUnitReportReporter -->
<testsuite hostname="SML-0687" name="com.WordPressTestCases.WordpressTestCase" tests="1" failures="0" timestamp="20 Jun 2017 08:51:12 GMT" time="14.347" errors="0">
  <testcase name="loginToWordpress" time="14.347" classname="com.WordPressTestCases.WordpressTestCase"/>
</testsuite> <!-- com.WordPressTestCases.WordpressTestCase -->
