<?xml version="1.0" encoding="UTF-8"?>
<!-- Generated by org.testng.reporters.JUnitReportReporter -->
<testsuite hostname="SML-0687" name="PageFactory.verifyLogin" tests="1" failures="0" timestamp="25 Jun 2017 13:19:37 GMT" time="34.417" errors="0">
  <testcase name="checkLogin_ValidUser" time="34.417" classname="PageFactory.verifyLogin"/>
</testsuite> <!-- PageFactory.verifyLogin -->
