<?xml version="1.0" encoding="UTF-8"?>
<!-- Generated by org.testng.reporters.JUnitReportReporter -->
<testsuite hostname="SML-0687" name="ConfigDemo.TestDemo" tests="1" failures="0" timestamp="14 Jun 2017 11:37:26 GMT" time="5.082" errors="0">
  <testcase name="TestConfig" time="5.082" classname="ConfigDemo.TestDemo"/>
</testsuite> <!-- ConfigDemo.TestDemo -->
