<?xml version="1.0" encoding="UTF-8"?>
<!-- Generated by org.testng.reporters.JUnitReportReporter -->
<testsuite hostname="SML-0687" name="dropDownDemo.eBay_DropDown_Selection" tests="1" failures="0" timestamp="1 Jul 2017 06:57:26 GMT" time="102.920" errors="0">
  <testcase name="DropDownValue_Selection" time="102.920" classname="dropDownDemo.eBay_DropDown_Selection"/>
</testsuite> <!-- dropDownDemo.eBay_DropDown_Selection -->
