<?xml version="1.0" encoding="UTF-8"?>
<!-- Generated by org.testng.reporters.JUnitReportReporter -->
<testsuite hostname="SML-0687" name="pageFactorys.Verfify_login" tests="1" failures="0" timestamp="27 Jun 2017 12:29:53 GMT" time="11.959" errors="0">
  <testcase name="check_login" time="11.959" classname="pageFactorys.Verfify_login"/>
</testsuite> <!-- pageFactorys.Verfify_login -->
