<?xml version="1.0" encoding="UTF-8"?>
<!-- Generated by org.testng.reporters.JUnitReportReporter -->
<testsuite hostname="SML-0687" name="DEMO1.savebtn" tests="1" failures="0" timestamp="17 Apr 2018 11:00:49 GMT" time="15.145" errors="0">
  <testcase name="Test1" time="15.145" classname="DEMO1.savebtn"/>
</testsuite> <!-- DEMO1.savebtn -->
