<?xml version="1.0" encoding="UTF-8"?>
<!-- Generated by org.testng.reporters.JUnitReportReporter -->
<testsuite hostname="SML-0687" name="jenkinsdDemos.Demojenkinsjob1" tests="1" failures="0" timestamp="13 Nov 2017 10:24:29 GMT" time="0.017" errors="0">
  <testcase name="testjekins" time="0.017" classname="jenkinsdDemos.Demojenkinsjob1"/>
</testsuite> <!-- jenkinsdDemos.Demojenkinsjob1 -->
